<?xml version="1.0" encoding="UTF-8"?>
<!-- Generated by org.testng.reporters.JUnitReportReporter -->
<testsuite hostname="MSI" failures="0" tests="1" name="stdNumber_project.TestNG" time="٠.٠٠٤" errors="0" timestamp="٢٠٢٢-٠٥-١٧T٢٢:٤٤:٢٢ EEST" skipped="0">
  <testcase classname="stdNumber_project.TestNG" name="verifySetup" time="٠.٠٠٤"/>
  <system-out/>
</testsuite> <!-- stdNumber_project.TestNG -->
